[2025-09-26 11:13:12] [HEALTH] 🏥 Démarrage SmartKiosk HealthCheck pour tenant: nufridge
[2025-09-26 11:13:12] [HEALTH] 🏥 Démarrage SmartKiosk HealthCheck pour tenant: nufridge
[2025-09-26 11:13:13] [HEALTH] === Rapport de Santé SmartKiosk ===
[2025-09-26 11:13:13] [HEALTH] === Rapport de Santé SmartKiosk ===
[2025-09-26 11:13:13] [HEALTH] Tenant: nufridge
[2025-09-26 11:13:13] [HEALTH] Tenant: nufridge
[2025-09-26 11:13:13] [HEALTH] ✗ backend: Unhealthy
[2025-09-26 11:13:13] [HEALTH] ✗ backend: Unhealthy
[2025-09-26 11:13:13] [HEALTH] ✗ frontend: Unhealthy
[2025-09-26 11:13:13] [HEALTH] ✗ frontend: Unhealthy
[2025-09-26 11:13:13] [HEALTH] ✗ nginx: Unhealthy
[2025-09-26 11:13:13] [HEALTH] ✗ nginx: Unhealthy
[2025-09-26 11:13:13] [HEALTH] ✗ chromium: Unhealthy
[2025-09-26 11:13:13] [HEALTH] ✗ chromium: Unhealthy
[2025-09-26 11:13:13] [HEALTH] Services sains: 0/4
[2025-09-26 11:13:13] [HEALTH] Services sains: 0/4
[2025-09-26 11:13:13] [HEALTH] 🔴 SmartKiosk Status: CRITICAL
[2025-09-26 11:13:13] [HEALTH] 🔴 SmartKiosk Status: CRITICAL
[2025-09-26 11:13:13] [HEALTH] Interface: http://localhost:8080
[2025-09-26 11:13:13] [HEALTH] Interface: http://localhost:8080
[2025-09-26 11:13:13] [HEALTH] ====================================
[2025-09-26 11:13:13] [HEALTH] ====================================
[2025-09-26 11:13:13] [HEALTH] ⚠️ Service backend unhealthy - tentative de redémarrage
[2025-09-26 11:13:13] [HEALTH] ⚠️ Service backend unhealthy - tentative de redémarrage
[2025-09-26 11:13:13] [HEALTH] Signal de redémarrage envoyé pour backend
[2025-09-26 11:13:13] [HEALTH] Signal de redémarrage envoyé pour backend
[2025-09-26 11:13:13] [HEALTH] ⚠️ Service frontend unhealthy - tentative de redémarrage
[2025-09-26 11:13:13] [HEALTH] ⚠️ Service frontend unhealthy - tentative de redémarrage
[2025-09-26 11:13:13] [HEALTH] Signal de redémarrage envoyé pour frontend
[2025-09-26 11:13:13] [HEALTH] Signal de redémarrage envoyé pour frontend
[2025-09-26 11:13:13] [HEALTH] ⚠️ Service nginx unhealthy - tentative de redémarrage
[2025-09-26 11:13:13] [HEALTH] ⚠️ Service nginx unhealthy - tentative de redémarrage
[2025-09-26 11:13:13] [HEALTH] Signal de redémarrage envoyé pour nginx
[2025-09-26 11:13:13] [HEALTH] Signal de redémarrage envoyé pour nginx
[2025-09-26 11:14:15] [HEALTH] === Rapport de Santé SmartKiosk ===
[2025-09-26 11:14:15] [HEALTH] === Rapport de Santé SmartKiosk ===
[2025-09-26 11:14:15] [HEALTH] Tenant: nufridge
[2025-09-26 11:14:15] [HEALTH] Tenant: nufridge
[2025-09-26 11:14:16] [HEALTH] ✗ backend: Unhealthy
[2025-09-26 11:14:16] [HEALTH] ✗ backend: Unhealthy
[2025-09-26 11:14:16] [HEALTH] ✗ frontend: Unhealthy
[2025-09-26 11:14:16] [HEALTH] ✗ frontend: Unhealthy
[2025-09-26 11:14:16] [HEALTH] ✗ nginx: Unhealthy
[2025-09-26 11:14:16] [HEALTH] ✗ nginx: Unhealthy
[2025-09-26 11:14:16] [HEALTH] ✗ chromium: Unhealthy
[2025-09-26 11:14:16] [HEALTH] ✗ chromium: Unhealthy
[2025-09-26 11:14:16] [HEALTH] Services sains: 0/4
[2025-09-26 11:14:16] [HEALTH] Services sains: 0/4
[2025-09-26 11:14:16] [HEALTH] 🔴 SmartKiosk Status: CRITICAL
[2025-09-26 11:14:16] [HEALTH] 🔴 SmartKiosk Status: CRITICAL
[2025-09-26 11:14:16] [HEALTH] Interface: http://localhost:8080
[2025-09-26 11:14:16] [HEALTH] Interface: http://localhost:8080
[2025-09-26 11:14:16] [HEALTH] ====================================
[2025-09-26 11:14:16] [HEALTH] ====================================
[2025-09-26 11:14:16] [HEALTH] ⚠️ Service backend unhealthy - tentative de redémarrage
[2025-09-26 11:14:16] [HEALTH] ⚠️ Service backend unhealthy - tentative de redémarrage
[2025-09-26 11:14:16] [HEALTH] Signal de redémarrage envoyé pour backend
[2025-09-26 11:14:16] [HEALTH] Signal de redémarrage envoyé pour backend
[2025-09-26 11:14:16] [HEALTH] ⚠️ Service frontend unhealthy - tentative de redémarrage
[2025-09-26 11:14:16] [HEALTH] ⚠️ Service frontend unhealthy - tentative de redémarrage
[2025-09-26 11:14:16] [HEALTH] Signal de redémarrage envoyé pour frontend
[2025-09-26 11:14:16] [HEALTH] Signal de redémarrage envoyé pour frontend
[2025-09-26 11:14:16] [HEALTH] ⚠️ Service nginx unhealthy - tentative de redémarrage
[2025-09-26 11:14:16] [HEALTH] ⚠️ Service nginx unhealthy - tentative de redémarrage
[2025-09-26 11:14:16] [HEALTH] Signal de redémarrage envoyé pour nginx
[2025-09-26 11:14:16] [HEALTH] Signal de redémarrage envoyé pour nginx
[2025-09-26 11:15:18] [HEALTH] === Rapport de Santé SmartKiosk ===
[2025-09-26 11:15:18] [HEALTH] === Rapport de Santé SmartKiosk ===
[2025-09-26 11:15:18] [HEALTH] Tenant: nufridge
[2025-09-26 11:15:18] [HEALTH] Tenant: nufridge
[2025-09-26 11:15:18] [HEALTH] ✗ backend: Unhealthy
[2025-09-26 11:15:18] [HEALTH] ✗ backend: Unhealthy
[2025-09-26 11:15:18] [HEALTH] ✗ frontend: Unhealthy
[2025-09-26 11:15:18] [HEALTH] ✗ frontend: Unhealthy
[2025-09-26 11:15:18] [HEALTH] ✗ nginx: Unhealthy
[2025-09-26 11:15:18] [HEALTH] ✗ nginx: Unhealthy
[2025-09-26 11:15:18] [HEALTH] ✗ chromium: Unhealthy
[2025-09-26 11:15:18] [HEALTH] ✗ chromium: Unhealthy
[2025-09-26 11:15:18] [HEALTH] Services sains: 0/4
[2025-09-26 11:15:18] [HEALTH] Services sains: 0/4
[2025-09-26 11:15:18] [HEALTH] 🔴 SmartKiosk Status: CRITICAL
[2025-09-26 11:15:18] [HEALTH] 🔴 SmartKiosk Status: CRITICAL
[2025-09-26 11:15:18] [HEALTH] Interface: http://localhost:8080
[2025-09-26 11:15:18] [HEALTH] Interface: http://localhost:8080
[2025-09-26 11:15:18] [HEALTH] ====================================
[2025-09-26 11:15:18] [HEALTH] ====================================
[2025-09-26 11:15:18] [HEALTH] ⚠️ Service backend unhealthy - tentative de redémarrage
[2025-09-26 11:15:18] [HEALTH] ⚠️ Service backend unhealthy - tentative de redémarrage
[2025-09-26 11:15:18] [HEALTH] Signal de redémarrage envoyé pour backend
[2025-09-26 11:15:18] [HEALTH] Signal de redémarrage envoyé pour backend
[2025-09-26 11:15:18] [HEALTH] ⚠️ Service frontend unhealthy - tentative de redémarrage
[2025-09-26 11:15:18] [HEALTH] ⚠️ Service frontend unhealthy - tentative de redémarrage
[2025-09-26 11:15:18] [HEALTH] Signal de redémarrage envoyé pour frontend
[2025-09-26 11:15:18] [HEALTH] Signal de redémarrage envoyé pour frontend
[2025-09-26 11:15:18] [HEALTH] ⚠️ Service nginx unhealthy - tentative de redémarrage
[2025-09-26 11:15:18] [HEALTH] ⚠️ Service nginx unhealthy - tentative de redémarrage
[2025-09-26 11:15:18] [HEALTH] Signal de redémarrage envoyé pour nginx
[2025-09-26 11:15:18] [HEALTH] Signal de redémarrage envoyé pour nginx
[2025-09-26 11:16:20] [HEALTH] Arrêt du healthcheck
[2025-09-26 11:16:20] [HEALTH] Arrêt du healthcheck
[2025-09-26 11:16:58] [HEALTH] 🏥 Démarrage SmartKiosk HealthCheck pour tenant: nufridge
[2025-09-26 11:16:58] [HEALTH] 🏥 Démarrage SmartKiosk HealthCheck pour tenant: nufridge
[2025-09-26 11:16:59] [HEALTH] === Rapport de Santé SmartKiosk ===
[2025-09-26 11:16:59] [HEALTH] === Rapport de Santé SmartKiosk ===
[2025-09-26 11:16:59] [HEALTH] Tenant: nufridge
[2025-09-26 11:16:59] [HEALTH] Tenant: nufridge
[2025-09-26 11:16:59] [HEALTH] ✗ backend: Unhealthy
[2025-09-26 11:16:59] [HEALTH] ✗ backend: Unhealthy
[2025-09-26 11:16:59] [HEALTH] ✗ frontend: Unhealthy
[2025-09-26 11:16:59] [HEALTH] ✗ frontend: Unhealthy
[2025-09-26 11:16:59] [HEALTH] ✗ nginx: Unhealthy
[2025-09-26 11:16:59] [HEALTH] ✗ nginx: Unhealthy
[2025-09-26 11:16:59] [HEALTH] ✗ chromium: Unhealthy
[2025-09-26 11:16:59] [HEALTH] ✗ chromium: Unhealthy
[2025-09-26 11:16:59] [HEALTH] Services sains: 0/4
[2025-09-26 11:16:59] [HEALTH] Services sains: 0/4
[2025-09-26 11:16:59] [HEALTH] 🔴 SmartKiosk Status: CRITICAL
[2025-09-26 11:16:59] [HEALTH] 🔴 SmartKiosk Status: CRITICAL
[2025-09-26 11:16:59] [HEALTH] Interface: http://localhost:8080
[2025-09-26 11:16:59] [HEALTH] Interface: http://localhost:8080
[2025-09-26 11:16:59] [HEALTH] ====================================
[2025-09-26 11:16:59] [HEALTH] ====================================
[2025-09-26 11:16:59] [HEALTH] ⚠️ Service backend unhealthy - tentative de redémarrage
[2025-09-26 11:16:59] [HEALTH] ⚠️ Service backend unhealthy - tentative de redémarrage
[2025-09-26 11:16:59] [HEALTH] Signal de redémarrage envoyé pour backend
[2025-09-26 11:16:59] [HEALTH] Signal de redémarrage envoyé pour backend
[2025-09-26 11:16:59] [HEALTH] ⚠️ Service frontend unhealthy - tentative de redémarrage
[2025-09-26 11:16:59] [HEALTH] ⚠️ Service frontend unhealthy - tentative de redémarrage
[2025-09-26 11:16:59] [HEALTH] Signal de redémarrage envoyé pour frontend
[2025-09-26 11:16:59] [HEALTH] Signal de redémarrage envoyé pour frontend
[2025-09-26 11:16:59] [HEALTH] ⚠️ Service nginx unhealthy - tentative de redémarrage
[2025-09-26 11:16:59] [HEALTH] ⚠️ Service nginx unhealthy - tentative de redémarrage
[2025-09-26 11:16:59] [HEALTH] Signal de redémarrage envoyé pour nginx
[2025-09-26 11:16:59] [HEALTH] Signal de redémarrage envoyé pour nginx
[2025-09-26 11:18:02] [HEALTH] === Rapport de Santé SmartKiosk ===
[2025-09-26 11:18:02] [HEALTH] === Rapport de Santé SmartKiosk ===
[2025-09-26 11:18:02] [HEALTH] Tenant: nufridge
[2025-09-26 11:18:02] [HEALTH] Tenant: nufridge
[2025-09-26 11:18:02] [HEALTH] ✓ backend: Healthy (uptime: 8)
[2025-09-26 11:18:02] [HEALTH] ✓ backend: Healthy (uptime: 8)
[2025-09-26 11:18:03] [HEALTH] 🏥 Démarrage SmartKiosk HealthCheck pour tenant: nufridge
[2025-09-26 11:18:03] [HEALTH] 🏥 Démarrage SmartKiosk HealthCheck pour tenant: nufridge
[2025-09-26 11:18:03] [HEALTH] === Rapport de Santé SmartKiosk ===
[2025-09-26 11:18:03] [HEALTH] === Rapport de Santé SmartKiosk ===
[2025-09-26 11:18:03] [HEALTH] Tenant: nufridge
[2025-09-26 11:18:03] [HEALTH] Tenant: nufridge
[2025-09-26 11:18:03] [HEALTH] ✓ backend: Healthy (uptime: 9)
[2025-09-26 11:18:03] [HEALTH] ✓ backend: Healthy (uptime: 9)
[2025-09-26 11:18:04] [HEALTH] 🏥 Démarrage SmartKiosk HealthCheck pour tenant: nufridge
[2025-09-26 11:18:04] [HEALTH] 🏥 Démarrage SmartKiosk HealthCheck pour tenant: nufridge
[2025-09-26 11:18:05] [HEALTH] === Rapport de Santé SmartKiosk ===
[2025-09-26 11:18:05] [HEALTH] === Rapport de Santé SmartKiosk ===
[2025-09-26 11:18:05] [HEALTH] Tenant: nufridge
[2025-09-26 11:18:05] [HEALTH] Tenant: nufridge
[2025-09-26 11:18:05] [HEALTH] ✓ backend: Healthy (uptime: 11)
[2025-09-26 11:18:05] [HEALTH] ✓ backend: Healthy (uptime: 11)
[2025-09-26 11:18:08] [HEALTH] 🏥 Démarrage SmartKiosk HealthCheck pour tenant: nufridge
[2025-09-26 11:18:08] [HEALTH] 🏥 Démarrage SmartKiosk HealthCheck pour tenant: nufridge
[2025-09-26 11:18:08] [HEALTH] === Rapport de Santé SmartKiosk ===
[2025-09-26 11:18:08] [HEALTH] === Rapport de Santé SmartKiosk ===
[2025-09-26 11:18:08] [HEALTH] Tenant: nufridge
[2025-09-26 11:18:08] [HEALTH] Tenant: nufridge
[2025-09-26 11:18:08] [HEALTH] ✓ backend: Healthy (uptime: 14)
[2025-09-26 11:18:08] [HEALTH] ✓ backend: Healthy (uptime: 14)
[2025-09-26 11:18:11] [HEALTH] 🏥 Démarrage SmartKiosk HealthCheck pour tenant: nufridge
[2025-09-26 11:18:11] [HEALTH] 🏥 Démarrage SmartKiosk HealthCheck pour tenant: nufridge
[2025-09-26 11:18:11] [HEALTH] === Rapport de Santé SmartKiosk ===
[2025-09-26 11:18:11] [HEALTH] === Rapport de Santé SmartKiosk ===
[2025-09-26 11:18:11] [HEALTH] Tenant: nufridge
[2025-09-26 11:18:11] [HEALTH] Tenant: nufridge
[2025-09-26 11:18:11] [HEALTH] ✓ backend: Healthy (uptime: 17)
[2025-09-26 11:18:11] [HEALTH] ✓ backend: Healthy (uptime: 17)
